# JRE version: OpenJDK Runtime Environment Temurin-21.0.9+10 (21.0.9+10) (build 21.0.9+10-LTS)
# Java VM: OpenJDK 64-Bit Server VM Temurin-21.0.9+10 (21.0.9+10-LTS, mixed mode, sharing, tiered, compressed oops, compressed class ptrs, parallel gc, windows-amd64)
GC Precious Log:
 CardTable entry size: 512
 CPUs: 16 total, 16 available
 Memory: 16149M
 Large Page Support: Disabled
 NUMA Support: Disabled
 Compressed Oops: Enabled (32-bit)
 Alignments: Space 512K, Generation 512K, Heap 2M
 Heap Min Capacity: 100M
 Heap Initial Capacity: 100M
 Heap Max Capacity: 2G
 Pre-touch: Disabled
 Parallel Workers: 13
Heap:
 PSYoungGen      total 4096K, used 1008K [0x00000000d5580000, 0x00000000d5b00000, 0x0000000100000000)
  eden space 3584K, 16% used [0x00000000d5580000,0x00000000d5614110,0x00000000d5900000)
  from space 512K, 81% used [0x00000000d5a00000,0x00000000d5a68020,0x00000000d5a80000)
  to   space 512K, 0% used [0x00000000d5a80000,0x00000000d5a80000,0x00000000d5b00000)
 ParOldGen       total 627200K, used 223514K [0x0000000080000000, 0x00000000a6480000, 0x00000000d5580000)
  object space 627200K, 35% used [0x0000000080000000,0x000000008da46b58,0x00000000a6480000)
 Metaspace       used 60024K, committed 61440K, reserved 1114112K
  class space    used 6445K, committed 7040K, reserved 1048576K
GC Heap History (20 events):
Event: 2912.912 GC heap before
{Heap before GC invocations=951 (full 3):
 PSYoungGen      total 4096K, used 4000K [0x00000000d5580000, 0x00000000d5b00000, 0x0000000100000000)
  eden space 3584K, 100% used [0x00000000d5580000,0x00000000d5900000,0x00000000d5900000)
  from space 512K, 81% used [0x00000000d5a00000,0x00000000d5a68000,0x00000000d5a80000)
  to   space 512K, 0% used [0x00000000d5a80000,0x00000000d5a80000,0x00000000d5b00000)
 ParOldGen       total 627200K, used 222738K [0x0000000080000000, 0x00000000a6480000, 0x00000000d5580000)
  object space 627200K, 35% used [0x0000000080000000,0x000000008d984b38,0x00000000a6480000)
 Metaspace       used 59800K, committed 61184K, reserved 1114112K
  class space    used 6444K, committed 7040K, reserved 1048576K
}
Event: 2912.914 GC heap after
{Heap after GC invocations=951 (full 3):
 PSYoungGen      total 4096K, used 496K [0x00000000d5580000, 0x00000000d5b00000, 0x0000000100000000)
  eden space 3584K, 0% used [0x00000000d5580000,0x00000000d5580000,0x00000000d5900000)
  from space 512K, 96% used [0x00000000d5a80000,0x00000000d5afc030,0x00000000d5b00000)
  to   space 512K, 0% used [0x00000000d5a00000,0x00000000d5a00000,0x00000000d5a80000)
 ParOldGen       total 627200K, used 222826K [0x0000000080000000, 0x00000000a6480000, 0x00000000d5580000)
  object space 627200K, 35% used [0x0000000080000000,0x000000008d99ab38,0x00000000a6480000)
 Metaspace       used 59800K, committed 61184K, reserved 1114112K
  class space    used 6444K, committed 7040K, reserved 1048576K
}
Event: 3931.865 GC heap before
{Heap before GC invocations=952 (full 3):
 PSYoungGen      total 4096K, used 4080K [0x00000000d5580000, 0x00000000d5b00000, 0x0000000100000000)
  eden space 3584K, 100% used [0x00000000d5580000,0x00000000d5900000,0x00000000d5900000)
  from space 512K, 96% used [0x00000000d5a80000,0x00000000d5afc030,0x00000000d5b00000)
  to   space 512K, 0% used [0x00000000d5a00000,0x00000000d5a00000,0x00000000d5a80000)
 ParOldGen       total 627200K, used 222826K [0x0000000080000000, 0x00000000a6480000, 0x00000000d5580000)
  object space 627200K, 35% used [0x0000000080000000,0x000000008d99ab38,0x00000000a6480000)
 Metaspace       used 59822K, committed 61248K, reserved 1114112K
  class space    used 6444K, committed 7040K, reserved 1048576K
}
Event: 3931.875 GC heap after
{Heap after GC invocations=952 (full 3):
 PSYoungGen      total 4096K, used 416K [0x00000000d5580000, 0x00000000d5b00000, 0x0000000100000000)
  eden space 3584K, 0% used [0x00000000d5580000,0x00000000d5580000,0x00000000d5900000)
  from space 512K, 81% used [0x00000000d5a00000,0x00000000d5a68000,0x00000000d5a80000)
  to   space 512K, 0% used [0x00000000d5a80000,0x00000000d5a80000,0x00000000d5b00000)
 ParOldGen       total 627200K, used 222906K [0x0000000080000000, 0x00000000a6480000, 0x00000000d5580000)
  object space 627200K, 35% used [0x0000000080000000,0x000000008d9aeb38,0x00000000a6480000)
 Metaspace       used 59822K, committed 61248K, reserved 1114112K
  class space    used 6444K, committed 7040K, reserved 1048576K
}
Event: 5790.016 GC heap before
{Heap before GC invocations=953 (full 3):
 PSYoungGen      total 4096K, used 4000K [0x00000000d5580000, 0x00000000d5b00000, 0x0000000100000000)
  eden space 3584K, 100% used [0x00000000d5580000,0x00000000d5900000,0x00000000d5900000)
  from space 512K, 81% used [0x00000000d5a00000,0x00000000d5a68000,0x00000000d5a80000)
  to   space 512K, 0% used [0x00000000d5a80000,0x00000000d5a80000,0x00000000d5b00000)
 ParOldGen       total 627200K, used 222906K [0x0000000080000000, 0x00000000a6480000, 0x00000000d5580000)
  object space 627200K, 35% used [0x0000000080000000,0x000000008d9aeb38,0x00000000a6480000)
 Metaspace       used 59837K, committed 61248K, reserved 1114112K
  class space    used 6444K, committed 7040K, reserved 1048576K
}
Event: 5790.040 GC heap after
{Heap after GC invocations=953 (full 3):
 PSYoungGen      total 4096K, used 480K [0x00000000d5580000, 0x00000000d5b00000, 0x0000000100000000)
  eden space 3584K, 0% used [0x00000000d5580000,0x00000000d5580000,0x00000000d5900000)
  from space 512K, 93% used [0x00000000d5a80000,0x00000000d5af8020,0x00000000d5b00000)
  to   space 1024K, 0% used [0x00000000d5900000,0x00000000d5900000,0x00000000d5a00000)
 ParOldGen       total 627200K, used 223010K [0x0000000080000000, 0x00000000a6480000, 0x00000000d5580000)
  object space 627200K, 35% used [0x0000000080000000,0x000000008d9c8b38,0x00000000a6480000)
 Metaspace       used 59837K, committed 61248K, reserved 1114112K
  class space    used 6444K, committed 7040K, reserved 1048576K
}
Event: 68449.964 GC heap before
{Heap before GC invocations=954 (full 3):
 PSYoungGen      total 4096K, used 4064K [0x00000000d5580000, 0x00000000d5b00000, 0x0000000100000000)
  eden space 3584K, 100% used [0x00000000d5580000,0x00000000d5900000,0x00000000d5900000)
  from space 512K, 93% used [0x00000000d5a80000,0x00000000d5af8020,0x00000000d5b00000)
  to   space 1024K, 0% used [0x00000000d5900000,0x00000000d5900000,0x00000000d5a00000)
 ParOldGen       total 627200K, used 223010K [0x0000000080000000, 0x00000000a6480000, 0x00000000d5580000)
  object space 627200K, 35% used [0x0000000080000000,0x000000008d9c8b38,0x00000000a6480000)
 Metaspace       used 59907K, committed 61312K, reserved 1114112K
  class space    used 6444K, committed 7040K, reserved 1048576K
}
Event: 68450.042 GC heap after
{Heap after GC invocations=954 (full 3):
 PSYoungGen      total 4608K, used 320K [0x00000000d5580000, 0x00000000d5b00000, 0x0000000100000000)
  eden space 3584K, 0% used [0x00000000d5580000,0x00000000d5580000,0x00000000d5900000)
  from space 1024K, 31% used [0x00000000d5900000,0x00000000d5950000,0x00000000d5a00000)
  to   space 512K, 0% used [0x00000000d5a80000,0x00000000d5a80000,0x00000000d5b00000)
 ParOldGen       total 627200K, used 223130K [0x0000000080000000, 0x00000000a6480000, 0x00000000d5580000)
  object space 627200K, 35% used [0x0000000080000000,0x000000008d9e6b58,0x00000000a6480000)
 Metaspace       used 59907K, committed 61312K, reserved 1114112K
  class space    used 6444K, committed 7040K, reserved 1048576K
}
Event: 107074.293 GC heap before
{Heap before GC invocations=955 (full 3):
 PSYoungGen      total 4608K, used 3904K [0x00000000d5580000, 0x00000000d5b00000, 0x0000000100000000)
  eden space 3584K, 100% used [0x00000000d5580000,0x00000000d5900000,0x00000000d5900000)
  from space 1024K, 31% used [0x00000000d5900000,0x00000000d5950000,0x00000000d5a00000)
  to   space 512K, 0% used [0x00000000d5a80000,0x00000000d5a80000,0x00000000d5b00000)
 ParOldGen       total 627200K, used 223130K [0x0000000080000000, 0x00000000a6480000, 0x00000000d5580000)
  object space 627200K, 35% used [0x0000000080000000,0x000000008d9e6b58,0x00000000a6480000)
 Metaspace       used 59939K, committed 61312K, reserved 1114112K
  class space    used 6444K, committed 7040K, reserved 1048576K
}
Event: 107074.339 GC heap after
{Heap after GC invocations=955 (full 3):
 PSYoungGen      total 4096K, used 480K [0x00000000d5580000, 0x00000000d5b00000, 0x0000000100000000)
  eden space 3584K, 0% used [0x00000000d5580000,0x00000000d5580000,0x00000000d5900000)
  from space 512K, 93% used [0x00000000d5a80000,0x00000000d5af8000,0x00000000d5b00000)
  to   space 512K, 0% used [0x00000000d5a00000,0x00000000d5a00000,0x00000000d5a80000)
 ParOldGen       total 627200K, used 223186K [0x0000000080000000, 0x00000000a6480000, 0x00000000d5580000)
  object space 627200K, 35% used [0x0000000080000000,0x000000008d9f4b58,0x00000000a6480000)
 Metaspace       used 59939K, committed 61312K, reserved 1114112K
  class space    used 6444K, committed 7040K, reserved 1048576K
}
Event: 107162.072 GC heap before
{Heap before GC invocations=956 (full 3):
 PSYoungGen      total 4096K, used 4064K [0x00000000d5580000, 0x00000000d5b00000, 0x0000000100000000)
  eden space 3584K, 100% used [0x00000000d5580000,0x00000000d5900000,0x00000000d5900000)
  from space 512K, 93% used [0x00000000d5a80000,0x00000000d5af8000,0x00000000d5b00000)
  to   space 512K, 0% used [0x00000000d5a00000,0x00000000d5a00000,0x00000000d5a80000)
 ParOldGen       total 627200K, used 223186K [0x0000000080000000, 0x00000000a6480000, 0x00000000d5580000)
  object space 627200K, 35% used [0x0000000080000000,0x000000008d9f4b58,0x00000000a6480000)
 Metaspace       used 59951K, committed 61312K, reserved 1114112K
  class space    used 6444K, committed 7040K, reserved 1048576K
}
Event: 107162.084 GC heap after
{Heap after GC invocations=956 (full 3):
 PSYoungGen      total 4096K, used 416K [0x00000000d5580000, 0x00000000d5b00000, 0x0000000100000000)
  eden space 3584K, 0% used [0x00000000d5580000,0x00000000d5580000,0x00000000d5900000)
  from space 512K, 81% used [0x00000000d5a00000,0x00000000d5a68000,0x00000000d5a80000)
  to   space 512K, 0% used [0x00000000d5a80000,0x00000000d5a80000,0x00000000d5b00000)
 ParOldGen       total 627200K, used 223274K [0x0000000080000000, 0x00000000a6480000, 0x00000000d5580000)
  object space 627200K, 35% used [0x0000000080000000,0x000000008da0ab58,0x00000000a6480000)
 Metaspace       used 59951K, committed 61312K, reserved 1114112K
  class space    used 6444K, committed 7040K, reserved 1048576K
}
Event: 107298.354 GC heap before
{Heap before GC invocations=957 (full 3):
 PSYoungGen      total 4096K, used 4000K [0x00000000d5580000, 0x00000000d5b00000, 0x0000000100000000)
  eden space 3584K, 100% used [0x00000000d5580000,0x00000000d5900000,0x00000000d5900000)
  from space 512K, 81% used [0x00000000d5a00000,0x00000000d5a68000,0x00000000d5a80000)
  to   space 512K, 0% used [0x00000000d5a80000,0x00000000d5a80000,0x00000000d5b00000)
 ParOldGen       total 627200K, used 223274K [0x0000000080000000, 0x00000000a6480000, 0x00000000d5580000)
  object space 627200K, 35% used [0x0000000080000000,0x000000008da0ab58,0x00000000a6480000)
 Metaspace       used 59966K, committed 61376K, reserved 1114112K
  class space    used 6444K, committed 7040K, reserved 1048576K
}
Event: 107298.362 GC heap after
{Heap after GC invocations=957 (full 3):
 PSYoungGen      total 4096K, used 352K [0x00000000d5580000, 0x00000000d5b00000, 0x0000000100000000)
  eden space 3584K, 0% used [0x00000000d5580000,0x00000000d5580000,0x00000000d5900000)
  from space 512K, 68% used [0x00000000d5a80000,0x00000000d5ad8000,0x00000000d5b00000)
  to   space 512K, 0% used [0x00000000d5a00000,0x00000000d5a00000,0x00000000d5a80000)
 ParOldGen       total 627200K, used 223338K [0x0000000080000000, 0x00000000a6480000, 0x00000000d5580000)
  object space 627200K, 35% used [0x0000000080000000,0x000000008da1ab58,0x00000000a6480000)
 Metaspace       used 59966K, committed 61376K, reserved 1114112K
  class space    used 6444K, committed 7040K, reserved 1048576K
}
Event: 107762.159 GC heap before
{Heap before GC invocations=958 (full 3):
 PSYoungGen      total 4096K, used 3936K [0x00000000d5580000, 0x00000000d5b00000, 0x0000000100000000)
  eden space 3584K, 100% used [0x00000000d5580000,0x00000000d5900000,0x00000000d5900000)
  from space 512K, 68% used [0x00000000d5a80000,0x00000000d5ad8000,0x00000000d5b00000)
  to   space 512K, 0% used [0x00000000d5a00000,0x00000000d5a00000,0x00000000d5a80000)
 ParOldGen       total 627200K, used 223338K [0x0000000080000000, 0x00000000a6480000, 0x00000000d5580000)
  object space 627200K, 35% used [0x0000000080000000,0x000000008da1ab58,0x00000000a6480000)
 Metaspace       used 59982K, committed 61376K, reserved 1114112K
  class space    used 6444K, committed 7040K, reserved 1048576K
}
Event: 107762.164 GC heap after
{Heap after GC invocations=958 (full 3):
 PSYoungGen      total 4096K, used 480K [0x00000000d5580000, 0x00000000d5b00000, 0x0000000100000000)
  eden space 3584K, 0% used [0x00000000d5580000,0x00000000d5580000,0x00000000d5900000)
  from space 512K, 93% used [0x00000000d5a00000,0x00000000d5a78020,0x00000000d5a80000)
  to   space 512K, 0% used [0x00000000d5a80000,0x00000000d5a80000,0x00000000d5b00000)
 ParOldGen       total 627200K, used 223394K [0x0000000080000000, 0x00000000a6480000, 0x00000000d5580000)
  object space 627200K, 35% used [0x0000000080000000,0x000000008da28b58,0x00000000a6480000)
 Metaspace       used 59982K, committed 61376K, reserved 1114112K
  class space    used 6444K, committed 7040K, reserved 1048576K
}
Event: 150373.986 GC heap before
{Heap before GC invocations=959 (full 3):
 PSYoungGen      total 4096K, used 4064K [0x00000000d5580000, 0x00000000d5b00000, 0x0000000100000000)
  eden space 3584K, 100% used [0x00000000d5580000,0x00000000d5900000,0x00000000d5900000)
  from space 512K, 93% used [0x00000000d5a00000,0x00000000d5a78020,0x00000000d5a80000)
  to   space 512K, 0% used [0x00000000d5a80000,0x00000000d5a80000,0x00000000d5b00000)
 ParOldGen       total 627200K, used 223394K [0x0000000080000000, 0x00000000a6480000, 0x00000000d5580000)
  object space 627200K, 35% used [0x0000000080000000,0x000000008da28b58,0x00000000a6480000)
 Metaspace       used 60010K, committed 61376K, reserved 1114112K
  class space    used 6445K, committed 7040K, reserved 1048576K
}
Event: 150374.042 GC heap after
{Heap after GC invocations=959 (full 3):
 PSYoungGen      total 4096K, used 416K [0x00000000d5580000, 0x00000000d5b00000, 0x0000000100000000)
  eden space 3584K, 0% used [0x00000000d5580000,0x00000000d5580000,0x00000000d5900000)
  from space 512K, 81% used [0x00000000d5a80000,0x00000000d5ae8000,0x00000000d5b00000)
  to   space 512K, 0% used [0x00000000d5a00000,0x00000000d5a00000,0x00000000d5a80000)
 ParOldGen       total 627200K, used 223442K [0x0000000080000000, 0x00000000a6480000, 0x00000000d5580000)
  object space 627200K, 35% used [0x0000000080000000,0x000000008da34b58,0x00000000a6480000)
 Metaspace       used 60010K, committed 61376K, reserved 1114112K
  class space    used 6445K, committed 7040K, reserved 1048576K
}
Event: 150674.451 GC heap before
{Heap before GC invocations=960 (full 3):
 PSYoungGen      total 4096K, used 3996K [0x00000000d5580000, 0x00000000d5b00000, 0x0000000100000000)
  eden space 3584K, 99% used [0x00000000d5580000,0x00000000d58ff0f8,0x00000000d5900000)
  from space 512K, 81% used [0x00000000d5a80000,0x00000000d5ae8000,0x00000000d5b00000)
  to   space 512K, 0% used [0x00000000d5a00000,0x00000000d5a00000,0x00000000d5a80000)
 ParOldGen       total 627200K, used 223442K [0x0000000080000000, 0x00000000a6480000, 0x00000000d5580000)
  object space 627200K, 35% used [0x0000000080000000,0x000000008da34b58,0x00000000a6480000)
 Metaspace       used 60019K, committed 61440K, reserved 1114112K
  class space    used 6445K, committed 7040K, reserved 1048576K
}
Event: 150674.515 GC heap after
{Heap after GC invocations=960 (full 3):
 PSYoungGen      total 4096K, used 416K [0x00000000d5580000, 0x00000000d5b00000, 0x0000000100000000)
  eden space 3584K, 0% used [0x00000000d5580000,0x00000000d5580000,0x00000000d5900000)
  from space 512K, 81% used [0x00000000d5a00000,0x00000000d5a68020,0x00000000d5a80000)
  to   space 512K, 0% used [0x00000000d5a80000,0x00000000d5a80000,0x00000000d5b00000)
 ParOldGen       total 627200K, used 223514K [0x0000000080000000, 0x00000000a6480000, 0x00000000d5580000)
  object space 627200K, 35% used [0x0000000080000000,0x000000008da46b58,0x00000000a6480000)
 Metaspace       used 60019K, committed 61440K, reserved 1114112K
  class space    used 6445K, committed 7040K, reserved 1048576K
}

